[Info  - 11:43:06 AM] Initialising intelephense 1.7.1
[Info  - 11:43:06 AM] Initialised in 8 ms
[Info  - 11:43:06 AM] Environment changed. Refreshing 6 in memory documents.
[Warn  - 11:43:07 AM] file:///var/www/laravelBlog/vendor/fakerphp/faker/src/Faker/Provider/nl_BE/Text.php is over the maximum file size of 1000000 bytes.
[Info  - 11:43:07 AM] Indexing started.
[Info  - 11:43:20 AM] Indexing ended. 6320 files indexed in 13s.
[Info  - 11:43:20 AM] Writing state to /var/www/laravelBlog/~/.vscode-root/User/workspaceStorage/699884afe77f5588a34e314a598f21cc/bmewburn.vscode-intelephense-client/61c8ae39.
[Info  - 11:43:21 AM] Wrote state in 0.9s.
[Info  - 11:56:18 AM] Indexing started.
[Info  - 11:56:18 AM] Indexing ended. 3 files indexed in 0s.
[Info  - 11:56:29 AM] Indexing started.
[Info  - 11:56:29 AM] Indexing ended. 3 files indexed in 0s.
[Info  - 12:21:58 PM] Indexing started.
[Info  - 12:21:58 PM] Indexing ended. 1 files indexed in 0s.
[Info  - 12:22:13 PM] Indexing started.
[Info  - 12:22:13 PM] Indexing ended. 1 files indexed in 0s.
[Info  - 12:22:46 PM] Indexing started.
[Info  - 12:22:46 PM] Indexing ended. 1 files indexed in 0s.
[Info  - 12:22:47 PM] Indexing started.
[Info  - 12:22:48 PM] Indexing ended. 2 files indexed in 0s.
[Info  - 12:26:10 PM] Indexing started.
[Info  - 12:26:10 PM] Indexing ended. 1 files indexed in 0s.
[Info  - 12:26:12 PM] Indexing started.
[Info  - 12:26:12 PM] Indexing ended. 1 files indexed in 0s.
[Info  - 12:26:39 PM] Indexing started.
[Info  - 12:26:39 PM] Indexing ended. 1 files indexed in 0s.
[Info  - 12:26:40 PM] Indexing started.
[Info  - 12:26:41 PM] Indexing ended. 1 files indexed in 0s.
[Info  - 12:27:11 PM] Indexing started.
[Info  - 12:27:11 PM] Indexing ended. 1 files indexed in 0s.
[Info  - 12:27:14 PM] Indexing started.
[Info  - 12:27:14 PM] Indexing ended. 1 files indexed in 0s.
[Info  - 12:27:51 PM] Indexing started.
[Info  - 12:27:52 PM] Indexing ended. 1 files indexed in 0s.
[Info  - 12:27:54 PM] Indexing started.
[Info  - 12:27:54 PM] Indexing ended. 1 files indexed in 0s.
[Info  - 12:27:56 PM] Indexing started.
[Info  - 12:27:56 PM] Indexing ended. 1 files indexed in 0s.
[Info  - 12:28:11 PM] Indexing started.
[Info  - 12:28:11 PM] Indexing ended. 1 files indexed in 0s.
[Info  - 12:28:12 PM] Indexing started.
[Info  - 12:28:12 PM] Indexing ended. 1 files indexed in 0s.
[Info  - 12:28:19 PM] Indexing started.
[Info  - 12:28:19 PM] Indexing ended. 1 files indexed in 0s.
[Info  - 12:28:30 PM] Indexing started.
[Info  - 12:28:30 PM] Indexing ended. 1 files indexed in 0s.
[Info  - 12:28:32 PM] Indexing started.
[Info  - 12:28:32 PM] Indexing ended. 2 files indexed in 0s.
[Info  - 12:28:46 PM] Indexing started.
[Info  - 12:28:46 PM] Indexing ended. 1 files indexed in 0s.
[Info  - 12:28:46 PM] Indexing started.
[Info  - 12:28:47 PM] Indexing ended. 1 files indexed in 0s.
[Info  - 12:28:58 PM] Indexing started.
[Info  - 12:28:58 PM] Indexing ended. 1 files indexed in 0s.
[Info  - 12:29:00 PM] Indexing started.
[Info  - 12:29:00 PM] Indexing ended. 1 files indexed in 0s.
[Info  - 12:29:16 PM] Indexing started.
[Info  - 12:29:17 PM] Indexing ended. 1 files indexed in 0s.
[Info  - 12:29:18 PM] Indexing started.
[Info  - 12:29:18 PM] Indexing ended. 1 files indexed in 0s.
[Info  - 12:42:26 PM] Indexing started.
[Info  - 12:42:26 PM] Indexing ended. 1 files indexed in 0s.
[Info  - 12:42:46 PM] Indexing started.
[Info  - 12:42:46 PM] Indexing ended. 1 files indexed in 0s.
[Info  - 12:43:07 PM] Indexing started.
[Info  - 12:43:08 PM] Indexing ended. 1 files indexed in 0s.
[Info  - 12:43:11 PM] Indexing started.
[Info  - 12:43:11 PM] Indexing ended. 1 files indexed in 0s.
[Info  - 12:47:24 PM] Indexing started.
[Info  - 12:47:24 PM] Indexing ended. 1 files indexed in 0s.
[Info  - 12:48:13 PM] Indexing started.
[Info  - 12:48:13 PM] Indexing ended. 1 files indexed in 0s.
[Info  - 12:48:25 PM] Indexing started.
[Info  - 12:48:25 PM] Indexing ended. 1 files indexed in 0s.
[Info  - 12:49:05 PM] Indexing started.
[Info  - 12:49:06 PM] Indexing ended. 1 files indexed in 0s.
[Info  - 12:51:55 PM] Indexing started.
[Info  - 12:51:55 PM] Indexing ended. 1 files indexed in 0s.
[Info  - 12:53:15 PM] Indexing started.
[Info  - 12:53:15 PM] Indexing ended. 1 files indexed in 0s.
[Info  - 12:53:18 PM] Indexing started.
[Info  - 12:53:18 PM] Indexing ended. 1 files indexed in 0s.
